make all --print-data-base --no-builtin-variables --no-builtin-rules --question
make: *** No rule to make target 'all'.  Stop.

# GNU Make 4.3
# Built for x86_64-pc-linux-gnu
# Copyright (C) 1988-2020 Free Software Foundation, Inc.
# License GPLv3+: GNU GPL version 3 or later <http://gnu.org/licenses/gpl.html>
# This is free software: you are free to change and redistribute it.
# There is NO WARRANTY, to the extent permitted by law.

# Make data base, printed on Wed Jun 29 05:39:24 2022

# Variables

# environment
GDK_BACKEND = x11
# environment
LC_ALL = C
# environment
GTK_RC_FILES = /etc/gtk/gtkrc:/home/hedhyw/.gtkrc:/home/hedhyw/.config/gtkrc
# environment
HOMEBREW_PREFIX = /home/linuxbrew/.linuxbrew
# environment
VSCODE_IPC_HOOK_EXTHOST = /run/user/1000/vscode-ipc-76030708-fdcb-4956-bad2-2e518009311a.sock
# environment
MANDATORY_PATH = /usr/share/gconf/plasma.mandatory.path
# makefile (from 'Makefile', line 17)
GOOS = $(shell go env GOOS)
# environment
LC_NAME = ru_RU.UTF-8
# environment
LC_NUMERIC = C
# environment
VSCODE_CWD = /home/hedhyw
# environment
NVM_DIR = /home/hedhyw/.nvm
# environment
LC_ADDRESS = ru_RU.UTF-8
# default
MAKE_COMMAND := make
# environment
QT_ACCESSIBILITY = 1
# environment
GOPATH = /home/hedhyw/go
# automatic
@D = $(patsubst %/,%,$(dir $@))
# environment
VSCODE_HANDLES_UNCAUGHT_ERRORS = true
# default
.VARIABLES := 
# environment
PWD = /home/hedhyw/Development/worldr/envconsul
# automatic
%D = $(patsubst %/,%,$(dir $%))
# environment
XDG_DATA_DIRS = /usr/share/plasma:/usr/local/share:/usr/share:/var/lib/snapd/desktop
# automatic
^D = $(patsubst %/,%,$(dir $^))
# environment
VSCODE_LOG_STACK = false
# automatic
%F = $(notdir $%)
# environment
NVM_INC = /home/hedhyw/.nvm/versions/node/v14.17.1/include/node
# environment
VSCODE_CODE_CACHE_PATH = /home/hedhyw/.config/Code/CachedData/4af164ea3a06f701fe3e89a2bcbb421d2026b68f
# environment
XDG_SESSION_PATH = /org/freedesktop/DisplayManager/Session1
# environment
LANG = C
# environment
XAUTHORITY = /home/hedhyw/.Xauthority
# default
.LOADED := 
# environment
HOMEBREW_REPOSITORY = /home/linuxbrew/.linuxbrew/Homebrew
# default
.INCLUDE_DIRS = /usr/local/include /usr/include /usr/include
# makefile
MAKEFLAGS = pqrR
# makefile (from 'Makefile', line 9)
PROJECT := github.com/hashicorp/envconsul
# makefile
CURDIR := /home/hedhyw/Development/worldr/envconsul
# environment
ANSIBLE_USER = m.kryvchun
# environment
VSCODE_PIPE_LOGGING = true
# environment
APPLICATION_INSIGHTS_NO_DIAGNOSTIC_CHANNEL = 1
# environment
LESSOPEN = | /usr/bin/lesspipe %s
# automatic
*D = $(patsubst %/,%,$(dir $*))
# makefile (from 'Makefile', line 13)
VERSION := 0.12.1
# environment
PAM_KWALLET5_LOGIN = /run/user/1000/kwallet5.socket
# environment
MFLAGS = -pqrR
# environment
SSH_AUTH_SOCK = /tmp/ssh-XXXXXXljWXo7/agent.1643
# default
.SHELLFLAGS := -c
# environment
NVM_BIN = /home/hedhyw/.nvm/versions/node/v14.17.1/bin
# environment
XDG_CONFIG_DIRS = /home/hedhyw/.config/kdedefaults:/etc/xdg/xdg-plasma:/etc/xdg:/usr/share/kubuntu-default-settings/kf5-settings
# automatic
+D = $(patsubst %/,%,$(dir $+))
# environment
XCURSOR_THEME = breeze_cursors
# environment
XDG_SESSION_DESKTOP = KDE
# makefile (from 'Makefile', line 1)
MAKEFILE_LIST := Makefile
# automatic
@F = $(notdir $@)
# environment
VSCODE_VERBOSE_LOGGING = true
# environment
VSCODE_PID = 3998
# environment
XDG_SESSION_TYPE = x11
# automatic
?D = $(patsubst %/,%,$(dir $?))
# makefile (from 'Makefile', line 2)
MKFILE_PATH := Makefile
# environment
SESSION_MANAGER = local/hedhyw-HLYL-WXX9:@/tmp/.ICE-unix/2047,unix/hedhyw-HLYL-WXX9:/tmp/.ICE-unix/2047
# automatic
*F = $(notdir $*)
# environment
MANPATH = /home/linuxbrew/.linuxbrew/share/man:/home/hedhyw/.nvm/versions/node/v14.17.1/share/man:/home/linuxbrew/.linuxbrew/share/man::
# environment
CHROME_DESKTOP = code-url-handler.desktop
# environment
DBUS_SESSION_BUS_ADDRESS = unix:path=/run/user/1000/bus
# automatic
<D = $(patsubst %/,%,$(dir $<))
# environment
VSCODE_NLS_CONFIG = {"locale":"en-us","availableLanguages":{},"_languagePackSupport":true}
# default
MAKE_HOST := x86_64-pc-linux-gnu
# environment
INFOPATH = /home/linuxbrew/.linuxbrew/share/info:/home/linuxbrew/.linuxbrew/share/info:
# makefile
SHELL = /bin/sh
# default
MAKECMDGOALS := all
# environment
XMODIFIERS = @im=ibus
# environment
LD_LIBRARY_PATH = /usr/local/lib
# environment
SHLVL = 0
# environment
MAKELEVEL := 0
# default
MAKE = $(MAKE_COMMAND)
# environment
PATH = /home/linuxbrew/.linuxbrew/bin:/home/linuxbrew/.linuxbrew/sbin:/usr/bin:/home/hedhyw/.local/bin:/home/hedhyw/bin:/home/hedhyw/.nvm/versions/node/v14.17.1/bin:/home/linuxbrew/.linuxbrew/bin:/home/linuxbrew/.linuxbrew/sbin:/usr/bin:/home/hedhyw/.local/bin:/home/hedhyw/bin:/usr/local/sbin:/usr/local/bin:/usr/sbin:/usr/bin:/sbin:/bin:/usr/games:/usr/local/games:/snap/bin:/home/hedhyw/Android/Sdk/platform-tools/:/opt/android-studio/bin/:/usr/local/go/bin:/home/hedhyw/go/bin:/home/hedhyw/.local/bin/kubectl:/opt/android-studio/jre/bin:/home/hedhyw/bin:/home/hedhyw/Android/Sdk/platform-tools/:/opt/android-studio/bin/:/usr/local/go/bin:/home/hedhyw/go/bin:/home/hedhyw/.local/bin/kubectl:/opt/android-studio/jre/bin:/home/hedhyw/bin
# default
MAKEFILES := 
# environment
LC_MONETARY = C
# automatic
^F = $(notdir $^)
# environment
LC_TIME = C
# environment
KUBE_EDITOR = nano
# environment
VSCODE_LOG_NATIVE = false
# environment
DOCKER_HOST = unix:///run/user/1000/docker.sock
# environment
LC_TELEPHONE = ru_RU.UTF-8
# environment
LESSCLOSE = /usr/bin/lesspipe %s %s
# automatic
?F = $(notdir $?)
# environment
KDE_APPLICATIONS_AS_SCOPE = 1
# makefile (from 'Makefile', line 11)
NAME := envconsul
# environment
XDG_SEAT = seat0
# environment
GTK_IM_MODULE = ibus
# environment
XDG_CURRENT_DESKTOP = KDE
# environment
LS_COLORS = 
# automatic
+F = $(notdir $+)
# environment
XDG_SEAT_PATH = /org/freedesktop/DisplayManager/Seat0
# environment
DESKTOP_SESSION = plasma
# environment
ORIGINAL_XDG_CURRENT_DESKTOP = KDE
# 'override' directive
GNUMAKEFLAGS := 
# environment
QT_SCREEN_SCALE_FACTORS = eDP=1.25;HDMI-A-0=1.25;DisplayPort-0=1.25;
# environment
CLUTTER_IM_MODULE = ibus
# environment
LOGNAME = hedhyw
# makefile (from 'Makefile', line 3)
CURRENT_DIR := /home/hedhyw/Development/worldr/envconsul
# environment
XDG_VTNR = 1
# makefile
.DEFAULT_GOAL := version
# environment
SYSTEMD_EXEC_PID = 1594
# environment
DISPLAY = :0
# environment
USER = hedhyw
# environment
DEFAULTS_PATH = /usr/share/gconf/plasma.default.path
# environment
KDE_SESSION_UID = 1000
# default
MAKE_VERSION := 4.3
# 'override' directive
.SHELLSTATUS := 0
# makefile (from 'Makefile', line 6)
GOTAGS = 
# makefile (from 'Makefile', line 12)
GIT_COMMIT = $(shell git rev-parse --short HEAD)
# environment
HOMEBREW_CELLAR = /home/linuxbrew/.linuxbrew/Cellar
# environment
LC_MEASUREMENT = C
# environment
SSH_AGENT_PID = 1767
# makefile (from 'Makefile', line 18)
GOARCH = $(shell go env GOARCH)
# makefile (from 'Makefile', line 14)
PRERELEASE := 
# environment
_ = /usr/share/code/code
# environment
LC_PAPER = ru_RU.UTF-8
# environment
XDG_RUNTIME_DIR = /run/user/1000
# environment
GPG_AGENT_INFO = /run/user/1000/gnupg/S.gpg-agent:0:1
# environment
NVM_CD_FLAGS = 
# environment
GOMODCACHE = /home/hedhyw/go/pkg/mod
# environment
XDG_SESSION_CLASS = user
# environment
VSCODE_AMD_ENTRYPOINT = vs/workbench/api/node/extensionHostProcess
# environment
GTK2_RC_FILES = /etc/gtk-2.0/gtkrc:/home/hedhyw/.gtkrc-2.0:/home/hedhyw/.config/gtkrc-2.0
# environment
HOME = /home/hedhyw
# environment
QT_IM_MODULE = ibus
# environment
ELECTRON_RUN_AS_NODE = 1
# environment
VSCODE_IPC_HOOK = /run/user/1000/vscode-6a7f5abe-1.68.0-main.sock
# environment
XDG_SESSION_ID = 3
# environment
XCURSOR_SIZE = 24
# environment
IM_CONFIG_PHASE = 1
# environment
GOPROXY = https://proxy.golang.org,direct
# default
.RECIPEPREFIX := 
# automatic
<F = $(notdir $<)
 
# default
SUFFIXES := 
# environment
QT_AUTO_SCREEN_SCALE_FACTOR = 0
# environment
KDE_SESSION_VERSION = 5
# default
.FEATURES := target-specific order-only second-expansion else-if shortest-stem undefine oneshell nocomment grouped-target extra-prereqs archives jobserver output-sync check-symlink load
# makefile (from 'Makefile', line 10)
OWNER := "hashicorp"
# environment
KDE_FULL_SESSION = true
# makefile (from 'Makefile', line 21)
LD_FLAGS = -s -w -X ${PROJECT}/version.Name=${NAME} -X ${PROJECT}/version.GitCommit=${GIT_COMMIT}
# environment
LC_IDENTIFICATION = ru_RU.UTF-8
# variable set hash-table stats:
# Load=142/1024=14%, Rehash=0, Collisions=12/193=6%

# Pattern-specific Variable Values

# No pattern-specific variable values.

# Directories

# . (device 64768, inode 6022918): 30 files, no impossibilities.

# 30 files, no impossibilities in 1 directories.

# Implicit Rules

# No implicit rules.

# Files

dev-tree:
#  Phony target (prerequisite of .PHONY).
#  Implicit rule search has not been done.
#  File does not exist.
#  File has not been updated.
#  recipe to execute (from 'Makefile', line 69):
	@true

docker:
#  Phony target (prerequisite of .PHONY).
#  Implicit rule search has not been done.
#  File does not exist.
#  File has not been updated.
#  recipe to execute (from 'Makefile', line 43):
	@env CGO_ENABLED="0" go build -ldflags "${LD_FLAGS}" -o $(NAME)
	mkdir -p dist/linux/amd64/
	cp envconsul dist/linux/amd64/
	env DOCKER_BUILDKIT=1 docker build -t envconsul .

# Not a target:
Makefile:
#  Implicit rule search has been done.
#  Last modified 2022-06-29 05:38:31.102106364
#  File has been updated.
#  Successfully updated.

version:
#  Phony target (prerequisite of .PHONY).
#  Implicit rule search has not been done.
#  File does not exist.
#  File has not been updated.
#  recipe to execute (from 'Makefile', line 28):
	@echo ${VERSION}${PRERELEASE}

clean:
#  Phony target (prerequisite of .PHONY).
#  Implicit rule search has not been done.
#  File does not exist.
#  File has not been updated.
#  recipe to execute (from 'Makefile', line 63):
	@rm -rf "${CURRENT_DIR}/dist/"
	@rm -f "envconsul"

# Not a target:
.DEFAULT:
#  Implicit rule search has not been done.
#  Modification time never checked.
#  File has not been updated.

dev:
#  Phony target (prerequisite of .PHONY).
#  Implicit rule search has not been done.
#  File does not exist.
#  File has not been updated.
#  recipe to execute (from 'Makefile', line 33):
	@echo "==> Installing ${NAME} for ${GOOS}/${GOARCH}"
	@env \
		CGO_ENABLED="0" \
		go install \
			-ldflags "${LD_FLAGS}" \
			-tags "${GOTAGS}"

# Not a target:
all:
#  Command line target.
#  Implicit rule search has been done.
#  File does not exist.
#  File has not been updated.

test-race:
#  Phony target (prerequisite of .PHONY).
#  Implicit rule search has not been done.
#  File does not exist.
#  File has not been updated.
#  recipe to execute (from 'Makefile', line 57):
	@echo "==> Testing ${NAME} (race)"
	@go test -timeout=60s -race -tags="${GOTAGS}" ./... ${TESTARGS}

test:
#  Phony target (prerequisite of .PHONY).
#  Implicit rule search has not been done.
#  File does not exist.
#  File has not been updated.
#  recipe to execute (from 'Makefile', line 51):
	@echo "==> Testing ${NAME}"
	@go test -timeout=30s -parallel=20 -failfast -tags="${GOTAGS}" ./... ${TESTARGS}

.PHONY: version dev docker test test-race clean dev-tree
#  Implicit rule search has not been done.
#  Modification time never checked.
#  File has not been updated.

# files hash-table stats:
# Load=12/1024=1%, Rehash=0, Collisions=0/35=0%
# VPATH Search Paths

# No 'vpath' search paths.

# No general ('VPATH' variable) search path.

# strcache buffers: 1 (0) / strings = 42 / storage = 408 B / avg = 9 B
# current buf: size = 8162 B / used = 408 B / count = 42 / avg = 9 B

# strcache performance: lookups = 74 / hit rate = 43%
# hash-table stats:
# Load=42/8192=1%, Rehash=0, Collisions=0/74=0%
# Finished Make data base on Wed Jun 29 05:39:25 2022

 
